0 info it worked if it ends with ok
1 verbose cli [ '/usr/bin/nodejs',
1 verbose cli   '/usr/bin/npm',
1 verbose cli   'install',
1 verbose cli   'express',
1 verbose cli   'node-fetch' ]
2 info using npm@3.5.2
3 info using node@v4.2.6
4 silly loadCurrentTree Starting
5 silly install loadCurrentTree
6 silly install readLocalPackageData
7 silly fetchPackageMetaData express
8 silly fetchPackageMetaData node-fetch
9 silly fetchNamedPackageData express
10 silly mapToRegistry name express
11 silly mapToRegistry using default registry
12 silly mapToRegistry registry https://registry.npmjs.org/
13 silly mapToRegistry uri https://registry.npmjs.org/express
14 silly fetchNamedPackageData node-fetch
15 silly mapToRegistry name node-fetch
16 silly mapToRegistry using default registry
17 silly mapToRegistry registry https://registry.npmjs.org/
18 silly mapToRegistry uri https://registry.npmjs.org/node-fetch
19 verbose request uri https://registry.npmjs.org/express
20 verbose request no auth needed
21 info attempt registry request try #1 at 11:31:37 AM
22 verbose request id 099799147c30fecc
23 verbose etag W/"f72d2c0d169a6341ecc3bd6c2c19859f"
24 verbose lastModified Sat, 28 Mar 2026 01:14:17 GMT
25 http request GET https://registry.npmjs.org/express
26 verbose request uri https://registry.npmjs.org/node-fetch
27 verbose request no auth needed
28 info attempt registry request try #1 at 11:31:38 AM
29 verbose etag W/"5f1d959e91bdfaaef25267351903414b"
30 verbose lastModified Thu, 30 Nov 2023 14:10:14 GMT
31 http request GET https://registry.npmjs.org/node-fetch
32 http 304 https://registry.npmjs.org/express
33 verbose headers { date: 'Tue, 31 Mar 2026 18:31:38 GMT',
33 verbose headers   connection: 'keep-alive',
33 verbose headers   server: 'cloudflare',
33 verbose headers   'cf-ray': '9e516ea1cc1bd680-IAD',
33 verbose headers   'cf-cache-status': 'HIT',
33 verbose headers   'access-control-allow-origin': '*',
33 verbose headers   age: '33',
33 verbose headers   'cache-control': 'public, max-age=300',
33 verbose headers   etag: '"f72d2c0d169a6341ecc3bd6c2c19859f"',
33 verbose headers   'last-modified': 'Sat, 28 Mar 2026 01:14:17 GMT',
33 verbose headers   vary: 'Accept-Encoding',
33 verbose headers   'set-cookie': [ '_cfuvid=744dN.2flRmsVAVCRK9hebQCURxY0OfHmIN94lDd15o-1774981898553-0.0.1.1-604800000; path=/; domain=.npmjs.org; HttpOnly; Secure; SameSite=None' ] }
34 silly get cb [ 304,
34 silly get   { date: 'Tue, 31 Mar 2026 18:31:38 GMT',
34 silly get     connection: 'keep-alive',
34 silly get     server: 'cloudflare',
34 silly get     'cf-ray': '9e516ea1cc1bd680-IAD',
34 silly get     'cf-cache-status': 'HIT',
34 silly get     'access-control-allow-origin': '*',
34 silly get     age: '33',
34 silly get     'cache-control': 'public, max-age=300',
34 silly get     etag: '"f72d2c0d169a6341ecc3bd6c2c19859f"',
34 silly get     'last-modified': 'Sat, 28 Mar 2026 01:14:17 GMT',
34 silly get     vary: 'Accept-Encoding',
34 silly get     'set-cookie': [ '_cfuvid=744dN.2flRmsVAVCRK9hebQCURxY0OfHmIN94lDd15o-1774981898553-0.0.1.1-604800000; path=/; domain=.npmjs.org; HttpOnly; Secure; SameSite=None' ] } ]
35 verbose etag https://registry.npmjs.org/express from cache
36 verbose get saving express to /root/.npm/registry.npmjs.org/express/.cache.json
37 http 304 https://registry.npmjs.org/node-fetch
38 verbose headers { date: 'Tue, 31 Mar 2026 18:31:38 GMT',
38 verbose headers   connection: 'keep-alive',
38 verbose headers   server: 'cloudflare',
38 verbose headers   'cf-ray': '9e516ea1cf1181dc-IAD',
38 verbose headers   'cf-cache-status': 'HIT',
38 verbose headers   'access-control-allow-origin': '*',
38 verbose headers   age: '214',
38 verbose headers   'cache-control': 'public, max-age=300',
38 verbose headers   etag: '"5f1d959e91bdfaaef25267351903414b"',
38 verbose headers   'last-modified': 'Thu, 30 Nov 2023 14:10:14 GMT',
38 verbose headers   vary: 'Accept-Encoding',
38 verbose headers   'set-cookie': [ '_cfuvid=tW2HPWNo_ASCv_AlURHsS5NjBT.W_WrJMeWvezzZim0-1774981898560-0.0.1.1-604800000; path=/; domain=.npmjs.org; HttpOnly; Secure; SameSite=None' ] }
39 silly get cb [ 304,
39 silly get   { date: 'Tue, 31 Mar 2026 18:31:38 GMT',
39 silly get     connection: 'keep-alive',
39 silly get     server: 'cloudflare',
39 silly get     'cf-ray': '9e516ea1cf1181dc-IAD',
39 silly get     'cf-cache-status': 'HIT',
39 silly get     'access-control-allow-origin': '*',
39 silly get     age: '214',
39 silly get     'cache-control': 'public, max-age=300',
39 silly get     etag: '"5f1d959e91bdfaaef25267351903414b"',
39 silly get     'last-modified': 'Thu, 30 Nov 2023 14:10:14 GMT',
39 silly get     vary: 'Accept-Encoding',
39 silly get     'set-cookie': [ '_cfuvid=tW2HPWNo_ASCv_AlURHsS5NjBT.W_WrJMeWvezzZim0-1774981898560-0.0.1.1-604800000; path=/; domain=.npmjs.org; HttpOnly; Secure; SameSite=None' ] } ]
40 verbose etag https://registry.npmjs.org/node-fetch from cache
41 verbose get saving node-fetch to /root/.npm/registry.npmjs.org/node-fetch/.cache.json
42 silly install normalizeTree
43 silly loadCurrentTree Finishing
44 silly loadIdealTree Starting
45 silly install loadIdealTree
46 silly cloneCurrentTree Starting
47 silly install cloneCurrentTreeToIdealTree
48 silly cloneCurrentTree Finishing
49 silly loadShrinkwrap Starting
50 silly install loadShrinkwrap
51 silly loadShrinkwrap Finishing
52 silly loadAllDepsIntoIdealTree Starting
53 silly install loadAllDepsIntoIdealTree
54 silly resolveWithNewModule express@5.2.1 checking installable status
55 silly cache add args [ 'express', null ]
56 verbose cache add spec express
57 verbose stack Error: Missing required argument #1
57 verbose stack     at andLogAndFinish (/usr/share/npm/lib/fetch-package-metadata.js:31:3)
57 verbose stack     at fetchPackageMetadata (/usr/share/npm/lib/fetch-package-metadata.js:51:22)
57 verbose stack     at resolveWithNewModule (/usr/share/npm/lib/install/deps.js:456:12)
57 verbose stack     at /usr/share/npm/lib/install/deps.js:190:5
57 verbose stack     at /usr/share/npm/node_modules/slide/lib/async-map.js:52:35
57 verbose stack     at Array.forEach (native)
57 verbose stack     at /usr/share/npm/node_modules/slide/lib/async-map.js:52:11
57 verbose stack     at Array.forEach (native)
57 verbose stack     at asyncMap (/usr/share/npm/node_modules/slide/lib/async-map.js:51:8)
57 verbose stack     at exports.loadRequestedDeps (/usr/share/npm/lib/install/deps.js:188:3)
58 verbose cwd /health_tracker/health-tracker
59 error Linux 5.3.0-1032-aws
60 error argv "/usr/bin/nodejs" "/usr/bin/npm" "install" "express" "node-fetch"
61 error node v4.2.6
62 error npm  v3.5.2
63 error code EMISSINGARG
64 error typeerror Error: Missing required argument #1
64 error typeerror     at andLogAndFinish (/usr/share/npm/lib/fetch-package-metadata.js:31:3)
64 error typeerror     at fetchPackageMetadata (/usr/share/npm/lib/fetch-package-metadata.js:51:22)
64 error typeerror     at resolveWithNewModule (/usr/share/npm/lib/install/deps.js:456:12)
64 error typeerror     at /usr/share/npm/lib/install/deps.js:190:5
64 error typeerror     at /usr/share/npm/node_modules/slide/lib/async-map.js:52:35
64 error typeerror     at Array.forEach (native)
64 error typeerror     at /usr/share/npm/node_modules/slide/lib/async-map.js:52:11
64 error typeerror     at Array.forEach (native)
64 error typeerror     at asyncMap (/usr/share/npm/node_modules/slide/lib/async-map.js:51:8)
64 error typeerror     at exports.loadRequestedDeps (/usr/share/npm/lib/install/deps.js:188:3)
65 error typeerror This is an error with npm itself. Please report this error at:
65 error typeerror     <http://github.com/npm/npm/issues>
66 verbose exit [ 1, true ]
